<?xml version="1.0" encoding="UTF-8"?>
<!-- Generated by org.testng.reporters.JUnitXMLReporter -->
<testsuite hostname="DESKTOP-084DVI0" name="Testing" tests="3" failures="0" timestamp="28 Aug 2020 16:36:11 GMT" time="329.908" errors="0">
  <testcase name="TC_01" time="32.307" classname="com.crm.qa.testcases.StaysSearch"/>
  <testcase name="TC_01" time="39.911" classname="com.crm.qa.testcases.FlightsSearch"/>
  <testcase name="TC_01" time="12.611" classname="com.crm.qa.testcases.CarsSearch"/>
</testsuite> <!-- Testing -->
